<?xml version="1.0" encoding="UTF-8"?>
<!-- Generated by org.testng.reporters.JUnitReportReporter -->
<testsuite skipped="4" hostname="Simanchal" name="LandingPage.LpageRepo" tests="5" failures="0" timestamp="29 Sep 2018 04:15:00 GMT" time="84.399" errors="1">
  <testcase name="LandingPgComp" time="0.000" classname="LandingPage.LpageRepo">
    <skipped/>
  </testcase> <!-- LandingPgComp -->
  <testcase name="LandingPgInvent" time="0.000" classname="LandingPage.LpageRepo">
    <skipped/>
  </testcase> <!-- LandingPgInvent -->
  <testcase name="LandingPgInventdummy" time="0.000" classname="LandingPage.LpageRepo">
    <skipped/>
  </testcase> <!-- LandingPgInventdummy -->
  <testcase name="LandingPgBrowserOpen" time="84.399" classname="LandingPage.LpageRepo">
    <error type="org.openqa.selenium.NoSuchElementException" message="Unable to locate element: {&quot;method&quot;:&quot;xpath&quot;,&quot;selector&quot;:&quot;.//*[@id=&#039;passwordInput&#039;]&quot;}
Command duration or timeout: 0 milliseconds">
      <![CDATA[org.openqa.selenium.NoSuchElementException: Unable to locate element: {"method":"xpath","selector":".//*[@id='passwordInput']"}
Command duration or timeout: 0 milliseconds
at sun.reflect.NativeConstructorAccessorImpl.newInstance0(Native Method)
at sun.reflect.NativeConstructorAccessorImpl.newInstance(Unknown Source)
at sun.reflect.DelegatingConstructorAccessorImpl.newInstance(Unknown Source)
at java.lang.reflect.Constructor.newInstance(Unknown Source)
at org.openqa.selenium.remote.ErrorHandler.createThrowable(ErrorHandler.java:214)
at org.openqa.selenium.remote.ErrorHandler.throwIfResponseFailed(ErrorHandler.java:166)
at org.openqa.selenium.remote.http.JsonHttpResponseCodec.reconstructValue(JsonHttpResponseCodec.java:40)
at org.openqa.selenium.remote.http.AbstractHttpResponseCodec.decode(AbstractHttpResponseCodec.java:80)
at org.openqa.selenium.remote.http.AbstractHttpResponseCodec.decode(AbstractHttpResponseCodec.java:44)
at org.openqa.selenium.remote.HttpCommandExecutor.execute(HttpCommandExecutor.java:158)
at org.openqa.selenium.remote.service.DriverCommandExecutor.execute(DriverCommandExecutor.java:83)
at org.openqa.selenium.remote.RemoteWebDriver.execute(RemoteWebDriver.java:548)
at org.openqa.selenium.remote.RemoteWebDriver.findElement(RemoteWebDriver.java:322)
at org.openqa.selenium.remote.RemoteWebDriver.findElementByXPath(RemoteWebDriver.java:424)
at org.openqa.selenium.By$ByXPath.findElement(By.java:353)
at org.openqa.selenium.remote.RemoteWebDriver.findElement(RemoteWebDriver.java:314)
at LandingPage.LpageRepo.LandingPgBrowserOpen(LpageRepo.java:49)
at sun.reflect.NativeMethodAccessorImpl.invoke0(Native Method)
at sun.reflect.NativeMethodAccessorImpl.invoke(Unknown Source)
at sun.reflect.DelegatingMethodAccessorImpl.invoke(Unknown Source)
at java.lang.reflect.Method.invoke(Unknown Source)
at org.testng.internal.MethodInvocationHelper.invokeMethod(MethodInvocationHelper.java:124)
at org.testng.internal.Invoker.invokeMethod(Invoker.java:580)
at org.testng.internal.Invoker.invokeTestMethod(Invoker.java:716)
at org.testng.internal.Invoker.invokeTestMethods(Invoker.java:988)
at org.testng.internal.TestMethodWorker.invokeTestMethods(TestMethodWorker.java:125)
at org.testng.internal.TestMethodWorker.run(TestMethodWorker.java:109)
at org.testng.TestRunner.privateRun(TestRunner.java:648)
at org.testng.TestRunner.run(TestRunner.java:505)
at org.testng.SuiteRunner.runTest(SuiteRunner.java:455)
at org.testng.SuiteRunner.runSequentially(SuiteRunner.java:450)
at org.testng.SuiteRunner.privateRun(SuiteRunner.java:415)
at org.testng.SuiteRunner.run(SuiteRunner.java:364)
at org.testng.SuiteRunnerWorker.runSuite(SuiteRunnerWorker.java:52)
at org.testng.SuiteRunnerWorker.run(SuiteRunnerWorker.java:84)
at org.testng.TestNG.runSuitesSequentially(TestNG.java:1208)
at org.testng.TestNG.runSuitesLocally(TestNG.java:1137)
at org.testng.TestNG.runSuites(TestNG.java:1049)
at org.testng.TestNG.run(TestNG.java:1017)
at org.testng.remote.AbstractRemoteTestNG.run(AbstractRemoteTestNG.java:114)
at org.testng.remote.RemoteTestNG.initAndRun(RemoteTestNG.java:251)
at org.testng.remote.RemoteTestNG.main(RemoteTestNG.java:77)
Caused by: org.openqa.selenium.NoSuchElementException: Unable to locate element: {"method":"xpath","selector":".//*[@id='passwordInput']"}
For documentation on this error, please visit: http://seleniumhq.org/exceptions/no_such_element.html
Build info: version: '3.14.0', revision: 'aacccce0', time: '2018-08-02T20:19:58.91Z'
System info: host: 'SIMANCHAL', ip: '192.168.2.5', os.name: 'Windows 10', os.arch: 'amd64', os.version: '10.0', java.version: '1.8.0_181'
Driver info: driver.version: unknown
at <anonymous class>.FirefoxDriver.prototype.findElementInternal_(file:///C:/Users/SIMANX~1/AppData/Local/Temp/anonymous5188907046192707390webdriver-profile/extensions/fxdriver@googlecode.com/components/driver-component.js:11878)
at <anonymous class>.FirefoxDriver.prototype.findElement(file:///C:/Users/SIMANX~1/AppData/Local/Temp/anonymous5188907046192707390webdriver-profile/extensions/fxdriver@googlecode.com/components/driver-component.js:11887)
at <anonymous class>.DelayedCommand.prototype.executeInternal_/k(file:///C:/Users/SIMANX~1/AppData/Local/Temp/anonymous5188907046192707390webdriver-profile/extensions/fxdriver@googlecode.com/components/command-processor.js:13388)
at <anonymous class>.DelayedCommand.prototype.executeInternal_(file:///C:/Users/SIMANX~1/AppData/Local/Temp/anonymous5188907046192707390webdriver-profile/extensions/fxdriver@googlecode.com/components/command-processor.js:13393)
at <anonymous class>.DelayedCommand.prototype.execute/<(file:///C:/Users/SIMANX~1/AppData/Local/Temp/anonymous5188907046192707390webdriver-profile/extensions/fxdriver@googlecode.com/components/command-processor.js:13335)
]]>
    </error>
  </testcase> <!-- LandingPgBrowserOpen -->
  <testcase name="LandingPgAcronymclick" time="0.000" classname="LandingPage.LpageRepo">
    <skipped/>
  </testcase> <!-- LandingPgAcronymclick -->
</testsuite> <!-- LandingPage.LpageRepo -->
